2020-04-16 11:26:02,739 [Worker-0] INFO  c.g.t.t.d.PublishedGradleVersions - Gradle version information cache is up-to-date. Trying to read.
2020-04-16 11:27:03,429 [Worker-1] INFO  o.e.m.c.i.l.LifecycleMappingFactory - Using org.eclipse.m2e.jdt.JarLifecycleMapping lifecycle mapping for MavenProject: org.odpi.egeria:adapter:1.5-SNAPSHOT @ D:\programe\shlia\egeria\egeria-connector-hms\adapter\pom.xml.
2020-04-16 11:27:03,429 [Worker-2] INFO  o.e.m.c.i.l.LifecycleMappingFactory - Using org.eclipse.m2e.jdt.JarLifecycleMapping lifecycle mapping for MavenProject: org.odpi.egeria:adapter:1.5-SNAPSHOT @ D:\programe\shlia\egeria\egeria-connector-hms\adapter\pom.xml.
2020-04-16 11:27:04,744 [Worker-1] INFO  o.e.m.c.i.embedder.EclipseLogger - Using 'UTF-8' encoding to copy filtered resources.
2020-04-16 11:27:04,744 [Worker-1] INFO  o.e.m.c.i.embedder.EclipseLogger - skip non existing resourceDirectory D:\programe\shlia\egeria\egeria-connector-hms\adapter\src\main\resources
2020-04-16 11:27:04,746 [Worker-1] INFO  o.e.m.c.i.embedder.EclipseLogger - Using 'UTF-8' encoding to copy filtered resources.
2020-04-16 11:27:04,746 [Worker-1] INFO  o.e.m.c.i.embedder.EclipseLogger - skip non existing resourceDirectory D:\programe\shlia\egeria\egeria-connector-hms\adapter\src\test\resources
2020-04-16 11:27:06,326 [Worker-1] INFO  o.e.m.c.i.l.LifecycleMappingFactory - Using org.eclipse.m2e.jdt.JarLifecycleMapping lifecycle mapping for MavenProject: org.odpi.egeria:adapter:1.5-SNAPSHOT @ D:\programe\shlia\egeria\egeria-connector-hms\adapter\pom.xml.
2020-04-16 11:27:06,472 [Worker-0] INFO  o.e.m.c.i.embedder.EclipseLogger - Using 'UTF-8' encoding to copy filtered resources.
2020-04-16 11:27:06,472 [Worker-0] INFO  o.e.m.c.i.embedder.EclipseLogger - skip non existing resourceDirectory D:\programe\shlia\egeria\egeria-connector-hms\adapter\src\main\resources
2020-04-16 11:27:06,474 [Worker-0] INFO  o.e.m.c.i.embedder.EclipseLogger - Using 'UTF-8' encoding to copy filtered resources.
2020-04-16 11:27:06,474 [Worker-0] INFO  o.e.m.c.i.embedder.EclipseLogger - skip non existing resourceDirectory D:\programe\shlia\egeria\egeria-connector-hms\adapter\src\test\resources
2020-04-16 11:27:07,595 [Worker-5] INFO  o.e.m.c.i.embedder.EclipseLogger - Using 'UTF-8' encoding to copy filtered resources.
2020-04-16 11:27:07,596 [Worker-5] INFO  o.e.m.c.i.embedder.EclipseLogger - skip non existing resourceDirectory D:\programe\shlia\egeria\egeria-connector-hms\adapter\src\main\resources
2020-04-16 11:27:07,597 [Worker-5] INFO  o.e.m.c.i.embedder.EclipseLogger - Using 'UTF-8' encoding to copy filtered resources.
2020-04-16 11:27:07,597 [Worker-5] INFO  o.e.m.c.i.embedder.EclipseLogger - skip non existing resourceDirectory D:\programe\shlia\egeria\egeria-connector-hms\adapter\src\test\resources
2020-04-17 01:02:19,560 [Worker-336] INFO  o.e.m.c.i.embedder.EclipseLogger - Using 'UTF-8' encoding to copy filtered resources.
2020-04-17 01:02:19,561 [Worker-336] INFO  o.e.m.c.i.embedder.EclipseLogger - skip non existing resourceDirectory D:\programe\shlia\egeria\egeria-connector-hms\adapter\src\main\resources
2020-04-17 01:02:19,563 [Worker-336] INFO  o.e.m.c.i.embedder.EclipseLogger - Using 'UTF-8' encoding to copy filtered resources.
2020-04-17 01:02:19,563 [Worker-336] INFO  o.e.m.c.i.embedder.EclipseLogger - skip non existing resourceDirectory D:\programe\shlia\egeria\egeria-connector-hms\adapter\src\test\resources
2020-04-18 03:19:29,724 [Worker-783] INFO  o.e.m.c.i.embedder.EclipseLogger - Using 'UTF-8' encoding to copy filtered resources.
2020-04-18 03:19:29,725 [Worker-783] INFO  o.e.m.c.i.embedder.EclipseLogger - skip non existing resourceDirectory D:\programe\shlia\egeria\egeria-connector-hms\adapter\src\main\resources
2020-04-18 03:19:29,726 [Worker-783] INFO  o.e.m.c.i.embedder.EclipseLogger - Using 'UTF-8' encoding to copy filtered resources.
2020-04-18 03:19:29,726 [Worker-783] INFO  o.e.m.c.i.embedder.EclipseLogger - skip non existing resourceDirectory D:\programe\shlia\egeria\egeria-connector-hms\adapter\src\test\resources
2020-04-18 03:19:30,739 [Worker-791] INFO  o.e.m.c.i.embedder.EclipseLogger - Using 'UTF-8' encoding to copy filtered resources.
2020-04-18 03:19:30,739 [Worker-791] INFO  o.e.m.c.i.embedder.EclipseLogger - skip non existing resourceDirectory D:\programe\shlia\egeria\egeria-connector-hms\adapter\src\main\resources
2020-04-18 03:19:30,740 [Worker-791] INFO  o.e.m.c.i.embedder.EclipseLogger - Using 'UTF-8' encoding to copy filtered resources.
2020-04-18 03:19:30,741 [Worker-791] INFO  o.e.m.c.i.embedder.EclipseLogger - skip non existing resourceDirectory D:\programe\shlia\egeria\egeria-connector-hms\adapter\src\test\resources
2020-04-19 01:14:47,938 [Worker-1] INFO  c.g.t.t.d.PublishedGradleVersions - Gradle version information cache is up-to-date. Trying to read.
2020-04-19 01:16:25,619 [Worker-12] INFO  o.e.m.c.i.embedder.EclipseLogger - Using 'UTF-8' encoding to copy filtered resources.
2020-04-19 01:16:25,619 [Worker-12] INFO  o.e.m.c.i.embedder.EclipseLogger - skip non existing resourceDirectory D:\programe\shlia\egeria\egeria-connector-hms\adapter\src\main\resources
2020-04-19 01:16:25,621 [Worker-12] INFO  o.e.m.c.i.embedder.EclipseLogger - Using 'UTF-8' encoding to copy filtered resources.
2020-04-19 01:16:25,621 [Worker-12] INFO  o.e.m.c.i.embedder.EclipseLogger - skip non existing resourceDirectory D:\programe\shlia\egeria\egeria-connector-hms\adapter\src\test\resources
2020-04-19 01:16:26,632 [Worker-11] INFO  o.e.m.c.i.embedder.EclipseLogger - Using 'UTF-8' encoding to copy filtered resources.
2020-04-19 01:16:26,632 [Worker-11] INFO  o.e.m.c.i.embedder.EclipseLogger - skip non existing resourceDirectory D:\programe\shlia\egeria\egeria-connector-hms\adapter\src\main\resources
2020-04-19 01:16:26,633 [Worker-11] INFO  o.e.m.c.i.embedder.EclipseLogger - Using 'UTF-8' encoding to copy filtered resources.
2020-04-19 01:16:26,633 [Worker-11] INFO  o.e.m.c.i.embedder.EclipseLogger - skip non existing resourceDirectory D:\programe\shlia\egeria\egeria-connector-hms\adapter\src\test\resources
2020-04-19 01:19:32,618 [Worker-2] INFO  c.g.t.t.d.PublishedGradleVersions - Gradle version information cache is up-to-date. Trying to read.
